E:{time}=08/19 22:35:34:579 .{context}=FileTst .{thread}=main .{trace}=at test.FileTst.test1(FileTst.java:27) .
java.lang.IllegalStateException: testesetssdfd
	test.FileTst.test1(FileTst.java:27)
	sun.reflect.NativeMethodAccessorImpl.invoke0(Native Method)
	sun.reflect.NativeMethodAccessorImpl.invoke(NativeMethodAccessorImpl.java:62)
	sun.reflect.DelegatingMethodAccessorImpl.invoke(DelegatingMethodAccessorImpl.java:43)
	java.lang.reflect.Method.invoke(Method.java:498)
	org.junit.platform.commons.util.ReflectionUtils.invokeMethod(ReflectionUtils.java:513)
	org.junit.jupiter.engine.execution.ExecutableInvoker.invoke(ExecutableInvoker.java:115)
	org.junit.jupiter.engine.descriptor.TestMethodTestDescriptor.lambda$invokeTestMethod$6(TestMethodTestDescriptor.java:170)
	org.junit.jupiter.engine.execution.ThrowableCollector.execute(ThrowableCollector.java:40)
	org.junit.jupiter.engine.descriptor.TestMethodTestDescriptor.invokeTestMethod(TestMethodTestDescriptor.java:166)
	org.junit.jupiter.engine.descriptor.TestMethodTestDescriptor.execute(TestMethodTestDescriptor.java:113)
	org.junit.jupiter.engine.descriptor.TestMethodTestDescriptor.execute(TestMethodTestDescriptor.java:58)
	org.junit.platform.engine.support.hierarchical.HierarchicalTestExecutor$NodeExecutor.lambda$executeRecursively$3(HierarchicalTestExecutor.java:113)
	org.junit.platform.engine.support.hierarchical.SingleTestExecutor.executeSafely(SingleTestExecutor.java:66)
	org.junit.platform.engine.support.hierarchical.HierarchicalTestExecutor$NodeExecutor.executeRecursively(HierarchicalTestExecutor.java:108)
	org.junit.platform.engine.support.hierarchical.HierarchicalTestExecutor$NodeExecutor.execute(HierarchicalTestExecutor.java:79)
	org.junit.platform.engine.support.hierarchical.HierarchicalTestExecutor$NodeExecutor.lambda$executeRecursively$2(HierarchicalTestExecutor.java:121)
	java.util.stream.ForEachOps$ForEachOp$OfRef.accept(ForEachOps.java:184)
	java.util.stream.ReferencePipeline$2$1.accept(ReferencePipeline.java:175)
	java.util.Iterator.forEachRemaining(Iterator.java:116)
	java.util.Spliterators$IteratorSpliterator.forEachRemaining(Spliterators.java:1801)
	java.util.stream.AbstractPipeline.copyInto(AbstractPipeline.java:482)
	java.util.stream.AbstractPipeline.wrapAndCopyInto(AbstractPipeline.java:472)
	java.util.stream.ForEachOps$ForEachOp.evaluateSequential(ForEachOps.java:151)
	java.util.stream.ForEachOps$ForEachOp$OfRef.evaluateSequential(ForEachOps.java:174)
	java.util.stream.AbstractPipeline.evaluate(AbstractPipeline.java:234)
	java.util.stream.ReferencePipeline.forEach(ReferencePipeline.java:418)
	org.junit.platform.engine.support.hierarchical.HierarchicalTestExecutor$NodeExecutor.lambda$executeRecursively$3(HierarchicalTestExecutor.java:121)
	org.junit.platform.engine.support.hierarchical.SingleTestExecutor.executeSafely(SingleTestExecutor.java:66)
	org.junit.platform.engine.support.hierarchical.HierarchicalTestExecutor$NodeExecutor.executeRecursively(HierarchicalTestExecutor.java:108)
	org.junit.platform.engine.support.hierarchical.HierarchicalTestExecutor$NodeExecutor.execute(HierarchicalTestExecutor.java:79)
	org.junit.platform.engine.support.hierarchical.HierarchicalTestExecutor$NodeExecutor.lambda$executeRecursively$2(HierarchicalTestExecutor.java:121)
	java.util.stream.ForEachOps$ForEachOp$OfRef.accept(ForEachOps.java:184)
	java.util.stream.ReferencePipeline$2$1.accept(ReferencePipeline.java:175)
	java.util.Iterator.forEachRemaining(Iterator.java:116)
	java.util.Spliterators$IteratorSpliterator.forEachRemaining(Spliterators.java:1801)
	java.util.stream.AbstractPipeline.copyInto(AbstractPipeline.java:482)
	java.util.stream.AbstractPipeline.wrapAndCopyInto(AbstractPipeline.java:472)
	java.util.stream.ForEachOps$ForEachOp.evaluateSequential(ForEachOps.java:151)
	java.util.stream.ForEachOps$ForEachOp$OfRef.evaluateSequential(ForEachOps.java:174)
	java.util.stream.AbstractPipeline.evaluate(AbstractPipeline.java:234)
	java.util.stream.ReferencePipeline.forEach(ReferencePipeline.java:418)
	org.junit.platform.engine.support.hierarchical.HierarchicalTestExecutor$NodeExecutor.lambda$executeRecursively$3(HierarchicalTestExecutor.java:121)
	org.junit.platform.engine.support.hierarchical.SingleTestExecutor.executeSafely(SingleTestExecutor.java:66)
	org.junit.platform.engine.support.hierarchical.HierarchicalTestExecutor$NodeExecutor.executeRecursively(HierarchicalTestExecutor.java:108)
	org.junit.platform.engine.support.hierarchical.HierarchicalTestExecutor$NodeExecutor.execute(HierarchicalTestExecutor.java:79)
	org.junit.platform.engine.support.hierarchical.HierarchicalTestExecutor.execute(HierarchicalTestExecutor.java:55)
	org.junit.platform.engine.support.hierarchical.HierarchicalTestEngine.execute(HierarchicalTestEngine.java:43)
	org.junit.platform.launcher.core.DefaultLauncher.execute(DefaultLauncher.java:170)
	org.junit.platform.launcher.core.DefaultLauncher.execute(DefaultLauncher.java:154)
	org.junit.platform.launcher.core.DefaultLauncher.execute(DefaultLauncher.java:90)
	com.intellij.junit5.JUnit5IdeaTestRunner.startRunnerWithArgs(JUnit5IdeaTestRunner.java:71)
	com.intellij.rt.junit.IdeaTestRunner$Repeater.startRunnerWithArgs(IdeaTestRunner.java:33)
	com.intellij.rt.junit.JUnitStarter.prepareStreamsAndStart(JUnitStarter.java:221)
	com.intellij.rt.junit.JUnitStarter.main(JUnitStarter.java:54)


